<?xml version="1.0" encoding="UTF-8"?>
<!-- Generated by org.testng.reporters.JUnitXMLReporter -->
<testsuite ignored="0" hostname="DESKTOP-G5RJBHA" failures="0" tests="3" name="gameoflife" time="71.592" errors="0" timestamp="2021-07-05T22:01:19 IST">
  <testcase classname="com.gameoflife.TC001_VerifyHomePage" name="tc001" time="11.686"/>
  <testcase classname="com.gameoflife.TC002_NewGame" name="tc001" time="29.839"/>
  <testcase classname="com.gameoflife.TC003_NewGame2" name="tc001" time="30.025"/>
</testsuite> <!-- gameoflife -->
